2024-10-02 10:11:49.375 | INFO     | __main__:ui_case_update:212 - 用户: jun2 把案件 pdu3334065653--531638850 的状态从 3 更新为 2
2024-10-02 10:11:54.280 | INFO     | __main__:login_ui:319 - 用户: jun 尝试登录
2024-10-02 10:12:01.271 | INFO     | __main__:login_ui:319 - 用户: tao 尝试登录
2024-10-02 10:16:49.304 | INFO     | __main__:login_ui:319 - 用户: tao 尝试登录
2024-10-02 10:16:53.916 | INFO     | __main__:ui_case_update:212 - 用户: tao 把案件 pdu5277332445--530389340 的状态从 7 更新为 6
2024-10-02 10:16:57.526 | INFO     | __main__:login_ui:319 - 用户: jun 尝试登录
2024-10-02 14:54:27.104 | INFO     | __main__:login_ui:330 - 用户: admin 尝试登录
2024-10-02 14:54:44.915 | ERROR    | __main__:ui_case_upload:116 - '合并 代偿回购本金'
2024-10-02 15:08:31.791 | ERROR    | __main__:ui_case_upload:121 - '最晚代偿回购时间'
2024-10-02 15:10:29.337 | ERROR    | __main__:ui_case_upload:121 - '管辖法院'
2024-10-02 15:12:13.103 | INFO     | __main__:ui_case_update:238 - 用户: admin 把案件 pdu15207538--477559155 的状态从 1 更新为 2
2024-10-02 15:12:26.608 | INFO     | __main__:ui_case_update:238 - 用户: admin 把案件 pdu77067146--497645778 的状态从 1 更新为 4
2024-10-02 15:12:36.519 | INFO     | __main__:ui_case_update:238 - 用户: admin 把案件 pdu15207538--477559155 的状态从 2 更新为 1
2024-10-02 15:44:23.500 | ERROR    | __main__:ui_case_upload:167 - 【错误】案件 pdu77067146--497645778 已存在
2024-10-02 23:01:25.819 | INFO     | __main__:login_ui:420 - 用户: admin 尝试登录
2024-10-02 23:26:32.667 | INFO     | __main__:login_ui:430 - 用户: admin 尝试登录
2024-10-02 23:37:38.588 | INFO     | __main__:ui_case_update:340 - 用户: admin 把案件 pdu77067146--497645778 的状态从 1 更新为 2
2024-10-02 23:46:07.040 | INFO     | __main__:ui_case_update:348 - 用户: admin 把案件 pdu15207538--477559155 的状态从 1 更新为 1
2024-10-03 14:12:53.121 | INFO     | __main__:ui_case_update:350 - 用户: admin 把案件 pdu15207538--483695222 的状态从 1 更新为 1
2024-10-03 14:12:56.531 | INFO     | __main__:ui_case_update:350 - 用户: admin 把案件 2-pdu77067146--497645778 的状态从 1 更新为 1
2024-10-03 14:19:16.732 | INFO     | __main__:login_ui:453 - 用户: tao 尝试登录
2024-10-03 14:19:29.339 | INFO     | __main__:login_ui:453 - 用户: jun 尝试登录
2024-10-03 14:22:58.285 | INFO     | __main__:login_ui:453 - 用户: tao 尝试登录
2024-10-03 22:23:56.378 | INFO     | __main__:login_ui:463 - 用户: tao 尝试登录
2024-10-03 22:24:59.553 | INFO     | __main__:login_ui:463 - 用户: jun 尝试登录
2024-10-03 22:25:19.975 | INFO     | __main__:login_ui:463 - 用户: tao 尝试登录
2024-10-03 22:26:19.683 | INFO     | __main__:login_ui:463 - 用户: tao 尝试登录
2024-10-03 22:26:52.544 | INFO     | __main__:login_ui:463 - 用户: tao 尝试登录
2024-10-03 22:31:17.562 | INFO     | __main__:login_ui:463 - 用户: tao 尝试登录
2024-10-03 23:16:54.718 | INFO     | __main__:login_ui:463 - 用户: tao 尝试登录
2024-10-04 00:07:26.287 | INFO     | __main__:login_ui:469 - 用户: admin 尝试登录
2024-10-04 00:12:32.752 | INFO     | __main__:ui_case_update:369 - 用户: admin 把案件 pdu77067146--497645778 的状态从 1 更新为 2
2024-10-04 00:12:39.575 | INFO     | __main__:ui_case_update:369 - 用户: admin 把案件 pdu15207538--477559155 的状态从 1 更新为 3
2024-10-04 00:12:46.065 | INFO     | __main__:ui_case_update:369 - 用户: admin 把案件 pdu15207538--483695222 的状态从 1 更新为 4
2024-10-04 00:14:09.399 | INFO     | __main__:ui_case_update:369 - 用户: admin 把案件 pdu77067146--497645778 的状态从 2 更新为 2
2024-10-04 00:15:51.638 | INFO     | __main__:ui_case_update:369 - 用户: admin 把案件 2-pdu15207538--477559155 的状态从 1 更新为 1
2024-10-04 00:18:50.932 | INFO     | __main__:ui_case_update:371 - 用户: admin 把案件 pdu77067146--497645778 的状态从 2 更新为 2
2024-10-04 00:19:20.820 | INFO     | __main__:ui_case_update:369 - 用户: admin 把案件 pdu15207538--477559155 的状态从 3 更新为 3
2024-10-04 00:19:23.779 | INFO     | __main__:ui_case_update:369 - 用户: admin 把案件 pdu15207538--483695222 的状态从 4 更新为 4
2024-10-04 00:19:36.257 | INFO     | __main__:login_ui:469 - 用户: tao 尝试登录
2024-10-04 00:20:24.432 | INFO     | __main__:login_ui:469 - 用户: jun 尝试登录
2024-10-04 00:20:31.524 | INFO     | __main__:login_ui:469 - 用户: xxx 尝试登录
2024-10-04 08:31:21.744 | INFO     | __main__:ui_login:484 - 用户: admin 尝试登录
2024-10-04 08:56:14.504 | INFO     | __main__:ui_login:502 - 用户: admin 尝试登录
2024-10-04 08:56:25.484 | ERROR    | __main__:ui_case_upload:207 - Entity namespace for "case" has no property "user_name_and_list_id"
2024-10-04 09:01:21.575 | ERROR    | __main__:ui_case_upload:207 - Query.filter() got an unexpected keyword argument 'user_name'
2024-10-04 09:03:45.111 | ERROR    | __main__:ui_case_upload:202 - 【错误】案件 - 用户名: pdu77067146 - 列表ID: 497645778 已存在
2024-10-04 09:54:01.782 | INFO     | __main__:ui_login:502 - 用户: admin 尝试登录
2024-10-04 09:54:08.755 | ERROR    | __main__:ui_case_upload:217 - 'register_user_id' is an invalid keyword argument for Case
2024-10-04 09:54:15.925 | ERROR    | __main__:ui_case_upload:217 - 'register_user_id' is an invalid keyword argument for Case
2024-10-04 10:06:35.552 | INFO     | __main__:ui_login:502 - 用户: admin 尝试登录
2024-10-04 10:09:43.241 | INFO     | __main__:ui_case_update:402 - 用户: admin 把案件 1 的状态从 2 更新为 2
2024-10-04 10:11:18.578 | INFO     | __main__:ui_case_update:402 - 用户: admin 把案件 1 的状态从 2 更新为 2
2024-10-04 10:11:29.318 | INFO     | __main__:ui_case_update:402 - 用户: admin 把案件 1 的状态从 2 更新为 4
2024-10-04 10:17:43.738 | INFO     | __main__:ui_case_update:402 - 用户: admin 把案件 2 的状态从 1 更新为 6
2024-10-04 10:19:40.244 | INFO     | __main__:ui_login:502 - 用户: jun 尝试登录
2024-10-04 10:21:06.310 | INFO     | __main__:ui_login:505 - 用户: tao 尝试登录
2024-10-04 10:40:55.828 | INFO     | __main__:ui_login:505 - 用户: admin 尝试登录
2024-10-04 10:53:02.181 | INFO     | __main__:ui_login:531 - 用户: jun 尝试登录
2024-10-04 10:53:17.109 | INFO     | __main__:ui_login:531 - 用户: tao 尝试登录
2024-10-04 14:44:03.900 | INFO     | __main__:ui_login:553 - 用户: tao 尝试登录
2024-10-04 14:55:08.609 | INFO     | __main__:ui_login:513 - 用户: admin 尝试登录
2024-10-04 15:11:29.220 | INFO     | __main__:ui_case_update:383 - 用户: admin 把案件 1 的状态从 1 更新为 2
2024-10-04 15:11:38.339 | INFO     | __main__:ui_case_update:383 - 用户: admin 把案件 2 的状态从 1 更新为 4
2024-10-04 15:12:01.337 | INFO     | __main__:ui_case_update:383 - 用户: admin 把案件 1 的状态从 2 更新为 1
2024-10-04 15:12:07.628 | INFO     | __main__:ui_case_update:383 - 用户: admin 把案件 2 的状态从 4 更新为 1
2024-10-04 15:21:21.243 | INFO     | __main__:ui_login:524 - 用户: stan 尝试登录
2024-10-04 15:22:18.235 | INFO     | __main__:ui_login:525 - 用户: admin 尝试登录
2024-10-04 16:24:16.105 | INFO     | __main__:ui_login:525 - 用户: admin 尝试登录
2024-10-04 16:38:06.037 | ERROR    | __main__:ui_case_upload:184 - 【错误】案件 - 用户名: 2-pdu77067146 - 列表ID: 497645778 已存在
2024-10-04 17:53:22.924 | INFO     | __main__:ui_login:538 - 用户: admin 尝试登录
2024-10-04 19:04:47.441 | INFO     | __main__:ui_login:624 - 用户: tao 尝试登录
2024-10-04 19:04:55.690 | INFO     | __main__:ui_login:624 - 用户: admin 尝试登录
2024-10-04 19:06:26.266 | INFO     | __main__:ui_case_update:434 - 用户: admin 把案件 1 的状态从 1 更新为 1
2024-10-04 19:06:28.671 | INFO     | __main__:ui_case_update:434 - 用户: admin 把案件 2 的状态从 1 更新为 1
2024-10-04 19:06:31.902 | INFO     | __main__:ui_case_update:434 - 用户: admin 把案件 4 的状态从 1 更新为 1
2024-10-04 19:06:36.124 | INFO     | __main__:ui_login:624 - 用户: tao 尝试登录
2024-10-04 19:06:44.908 | INFO     | __main__:ui_login:624 - 用户: admin 尝试登录
2024-10-04 19:06:53.957 | INFO     | __main__:ui_case_update:434 - 用户: admin 把案件 1 的状态从 1 更新为 1
2024-10-04 19:11:43.767 | INFO     | __main__:ui_case_update:438 - 用户: admin 把案件 3 的状态从 1 更新为 6
2024-10-04 19:11:51.773 | INFO     | __main__:ui_case_update:438 - 用户: admin 把案件 3 的状态从 6 更新为 6
2024-10-04 19:15:05.029 | INFO     | __main__:ui_case_update:434 - 用户: admin 把案件 1 的状态从 1 更新为 2
2024-10-04 19:15:12.642 | INFO     | __main__:ui_case_update:434 - 用户: admin 把案件 2 的状态从 1 更新为 6
2024-10-04 19:15:21.728 | INFO     | __main__:ui_case_update:434 - 用户: admin 把案件 3 的状态从 6 更新为 5
2024-10-04 19:15:36.831 | INFO     | __main__:ui_case_update:434 - 用户: admin 把案件 5 的状态从 1 更新为 4
2024-10-04 19:17:01.302 | INFO     | __main__:ui_login:624 - 用户: tao 尝试登录
2024-10-04 19:17:19.465 | INFO     | __main__:ui_login:624 - 用户: stan 尝试登录
2024-10-04 19:54:14.626 | INFO     | __main__:ui_login:658 - 用户: stan 尝试登录
2024-10-04 19:54:22.514 | INFO     | __main__:ui_login:658 - 用户: admin 尝试登录
2024-10-04 19:54:30.257 | ERROR    | __main__:ui_case_upload:189 - 【错误】案件 - 用户名: pdu77067146 - 列表ID: 497645778 已存在
2024-10-05 07:53:36.516 | INFO     | __main__:ui_login:675 - 用户: tao 尝试登录
2024-10-05 07:53:54.564 | INFO     | __main__:ui_login:675 - 用户: admin 尝试登录
2024-10-07 15:16:51.473 | INFO     | __main__:ui_login:675 - 用户: tao 尝试登录
2024-10-07 15:17:49.469 | INFO     | __main__:ui_login:675 - 用户: tao 尝试登录
2024-10-07 15:32:02.168 | INFO     | __main__:ui_login:543 - 用户: admin 尝试登录
2024-10-07 15:55:19.493 | INFO     | __main__:ui_login:28 - 用户: admin 尝试登录
2024-10-07 15:56:17.825 | INFO     | __main__:ui_login:28 - 用户: admin 尝试登录
2024-10-07 16:05:22.460 | INFO     | __main__:ui_login:28 - 用户: admin 尝试登录
2024-10-07 16:12:51.575 | INFO     | __main__:ui_login:28 - 用户: tao 尝试登录
2024-10-07 16:13:02.329 | INFO     | __main__:ui_login:28 - 用户: stan 尝试登录
